This is pdfTeX, Version 3.141592653-2.6-1.40.26 (TeX Live 2024/Arch Linux) (preloaded format=pdflatex 2025.1.8)  11 JAN 2025 15:37
entering extended mode
 restricted \write18 enabled.
 file:line:error style messages enabled.
 %&-line parsing enabled.
**"/home/arav/EE1003/EE1003/Assignment3/main copy.tex"
(/home/arav/EE1003/EE1003/Assignment3/main copy.tex
LaTeX2e <2023-11-01> patch level 1
L3 programming layer <2024-02-20>
(/usr/share/texmf-dist/tex/latex/ieeetran/IEEEtran.cls
Document Class: IEEEtran 2015/08/26 V1.8b by Michael Shell
-- See the "IEEEtran_HOWTO" manual for usage information.
-- http://www.michaelshell.org/tex/ieeetran/
\@IEEEtrantmpdimenA=\dimen140
\@IEEEtrantmpdimenB=\dimen141
\@IEEEtrantmpdimenC=\dimen142
\@IEEEtrantmpcountA=\count188
\@IEEEtrantmpcountB=\count189
\@IEEEtrantmpcountC=\count190
\@IEEEtrantmptoksA=\toks17
LaTeX Font Info:    Trying to load font information for OT1+ptm on input line 503.
(/usr/share/texmf-dist/tex/latex/psnfss/ot1ptm.fd
File: ot1ptm.fd 2001/06/04 font definitions for OT1/ptm.
)
-- Using 8.5in x 11in (letter) paper.
-- Using PDF output.
\@IEEEnormalsizeunitybaselineskip=\dimen143
-- This is a 10 point document.
\CLASSINFOnormalsizebaselineskip=\dimen144
\CLASSINFOnormalsizeunitybaselineskip=\dimen145
\IEEEnormaljot=\dimen146
LaTeX Font Info:    Font shape `OT1/ptm/bx/n' in size <5> not available
(Font)              Font shape `OT1/ptm/b/n' tried instead on input line 1090.
LaTeX Font Info:    Font shape `OT1/ptm/bx/it' in size <5> not available
(Font)              Font shape `OT1/ptm/b/it' tried instead on input line 1090.
LaTeX Font Info:    Font shape `OT1/ptm/bx/n' in size <7> not available
(Font)              Font shape `OT1/ptm/b/n' tried instead on input line 1090.
LaTeX Font Info:    Font shape `OT1/ptm/bx/it' in size <7> not available
(Font)              Font shape `OT1/ptm/b/it' tried instead on input line 1090.
LaTeX Font Info:    Font shape `OT1/ptm/bx/n' in size <8> not available
(Font)              Font shape `OT1/ptm/b/n' tried instead on input line 1090.
LaTeX Font Info:    Font shape `OT1/ptm/bx/it' in size <8> not available
(Font)              Font shape `OT1/ptm/b/it' tried instead on input line 1090.
LaTeX Font Info:    Font shape `OT1/ptm/bx/n' in size <9> not available
(Font)              Font shape `OT1/ptm/b/n' tried instead on input line 1090.
LaTeX Font Info:    Font shape `OT1/ptm/bx/it' in size <9> not available
(Font)              Font shape `OT1/ptm/b/it' tried instead on input line 1090.
LaTeX Font Info:    Font shape `OT1/ptm/bx/n' in size <10> not available
(Font)              Font shape `OT1/ptm/b/n' tried instead on input line 1090.
LaTeX Font Info:    Font shape `OT1/ptm/bx/it' in size <10> not available
(Font)              Font shape `OT1/ptm/b/it' tried instead on input line 1090.
LaTeX Font Info:    Font shape `OT1/ptm/bx/n' in size <11> not available
(Font)              Font shape `OT1/ptm/b/n' tried instead on input line 1090.
LaTeX Font Info:    Font shape `OT1/ptm/bx/it' in size <11> not available
(Font)              Font shape `OT1/ptm/b/it' tried instead on input line 1090.
LaTeX Font Info:    Font shape `OT1/ptm/bx/n' in size <12> not available
(Font)              Font shape `OT1/ptm/b/n' tried instead on input line 1090.
LaTeX Font Info:    Font shape `OT1/ptm/bx/it' in size <12> not available
(Font)              Font shape `OT1/ptm/b/it' tried instead on input line 1090.
LaTeX Font Info:    Font shape `OT1/ptm/bx/n' in size <17> not available
(Font)              Font shape `OT1/ptm/b/n' tried instead on input line 1090.
LaTeX Font Info:    Font shape `OT1/ptm/bx/it' in size <17> not available
(Font)              Font shape `OT1/ptm/b/it' tried instead on input line 1090.
LaTeX Font Info:    Font shape `OT1/ptm/bx/n' in size <20> not available
(Font)              Font shape `OT1/ptm/b/n' tried instead on input line 1090.
LaTeX Font Info:    Font shape `OT1/ptm/bx/it' in size <20> not available
(Font)              Font shape `OT1/ptm/b/it' tried instead on input line 1090.
LaTeX Font Info:    Font shape `OT1/ptm/bx/n' in size <24> not available
(Font)              Font shape `OT1/ptm/b/n' tried instead on input line 1090.
LaTeX Font Info:    Font shape `OT1/ptm/bx/it' in size <24> not available
(Font)              Font shape `OT1/ptm/b/it' tried instead on input line 1090.
\IEEEquantizedlength=\dimen147
\IEEEquantizedlengthdiff=\dimen148
\IEEEquantizedtextheightdiff=\dimen149
\IEEEilabelindentA=\dimen150
\IEEEilabelindentB=\dimen151
\IEEEilabelindent=\dimen152
\IEEEelabelindent=\dimen153
\IEEEdlabelindent=\dimen154
\IEEElabelindent=\dimen155
\IEEEiednormlabelsep=\dimen156
\IEEEiedmathlabelsep=\dimen157
\IEEEiedtopsep=\skip48
\c@section=\count191
\c@subsection=\count192
\c@subsubsection=\count193
\c@paragraph=\count194
\c@IEEEsubequation=\count195
\abovecaptionskip=\skip49
\belowcaptionskip=\skip50
\c@figure=\count196
\c@table=\count197
\@IEEEeqnnumcols=\count198
\@IEEEeqncolcnt=\count199
\@IEEEsubeqnnumrollback=\count266
\@IEEEquantizeheightA=\dimen158
\@IEEEquantizeheightB=\dimen159
\@IEEEquantizeheightC=\dimen160
\@IEEEquantizeprevdepth=\dimen161
\@IEEEquantizemultiple=\count267
\@IEEEquantizeboxA=\box51
\@IEEEtmpitemindent=\dimen162
\IEEEPARstartletwidth=\dimen163
\c@IEEEbiography=\count268
\@IEEEtranrubishbin=\box52
) (/usr/share/texmf-dist/tex/latex/geometry/geometry.sty
Package: geometry 2020/01/02 v5.9 Page Geometry
 (/usr/share/texmf-dist/tex/latex/graphics/keyval.sty
Package: keyval 2022/05/29 v1.15 key=value parser (DPC)
\KV@toks@=\toks18
) (/usr/share/texmf-dist/tex/generic/iftex/ifvtex.sty
Package: ifvtex 2019/10/25 v1.7 ifvtex legacy package. Use iftex instead.
 (/usr/share/texmf-dist/tex/generic/iftex/iftex.sty
Package: iftex 2022/02/03 v1.0f TeX engine tests
))
\Gm@cnth=\count269
\Gm@cntv=\count270
\c@Gm@tempcnt=\count271
\Gm@bindingoffset=\dimen164
\Gm@wd@mp=\dimen165
\Gm@odd@mp=\dimen166
\Gm@even@mp=\dimen167
\Gm@layoutwidth=\dimen168
\Gm@layoutheight=\dimen169
\Gm@layouthoffset=\dimen170
\Gm@layoutvoffset=\dimen171
\Gm@dimlist=\toks19
)

! LaTeX Error: File `gvv-book.sty' not found.

Type X to quit or <RETURN> to proceed,
or enter new name. (Default extension: sty)

Enter file name: 
/home/arav/EE1003/EE1003/Assignment3/main copy.tex:12: Emergency stop.
<read *> 
         
l.12 \usepackage
                {gvv}^^M
*** (cannot \read from terminal in nonstop modes)

 
Here is how much of TeX's memory you used:
 1640 strings out of 476076
 28733 string characters out of 5793776
 1925187 words of memory out of 5000000
 23817 multiletter control sequences out of 15000+600000
 579139 words of font info for 76 fonts, out of 8000000 for 9000
 14 hyphenation exceptions out of 8191
 57i,1n,65p,297b,153s stack positions out of 10000i,1000n,20000p,200000b,200000s
/home/arav/EE1003/EE1003/Assignment3/main copy.tex:12:  ==> Fatal error occurred, no output PDF file produced!
